<?xml version="1.0" encoding="UTF-8"?>
<testsuites name="STC-08 See Tuition fee" time="6" tests="1" failures="0" errors="0">
   <testsuite name="STC-08 See Tuition fee" tests="1" failures="0" errors="0" time="6" timestamp="2561-03-29 04:27:29" hostname="Fluke - DESKTOP-K9ATRN2" id="Test Suites/STC-08 See Tuition fee">
      <properties>
         <property name="deviceName" value=""/>
         <property name="devicePlatform" value=""/>
         <property name="logFolder" value="C:\\Users\\Fluke\\Desktop\\katalonRegTest-master\\katalonRegTest\\Reports\\STC-08 See Tuition fee\\25610329_042728"/>
         <property name="logFiles" value="C:\\Users\\Fluke\\Desktop\\katalonRegTest-master\\katalonRegTest\\Reports\\STC-08 See Tuition fee\\25610329_042728\\execution0.log"/>
         <property name="attachments" value=""/>
         <property name="hostName" value="Fluke - DESKTOP-K9ATRN2"/>
         <property name="os" value="Windows 10 64bit"/>
         <property name="katalonVersion" value="5.3.0.1"/>
         <property name="browser" value="Chrome 65.0.3325.181"/>
         <property name="hostAddress" value="192.168.0.101"/>
         <property name="sessionId" value="ceecac08b21d0b58e2c9a9b014e11782"/>
         <property name="seleniumVersion" value="3.7.1"/>
         <property name="proxyInformation" value="ProxyInformation{proxyOption=NO_PROXY, proxyServerType=HTTP, password=, proxyServerAddress=, proxyServerPort=0}"/>
         <property name="platform" value="Windows 10"/>
      </properties>
      <testcase name="Test Cases/See_Tuition_Fee" classname="Test Cases/See_Tuition_Fee" status="PASSED">
         <system-out><![CDATA[2561-03-29 04:27:30 - [TEST_CASE][PASSED] - Test Cases/See_Tuition_Fee: Test Cases/See_Tuition_Fee

2561-03-29 04:27:30 - [TEST_STEP][PASSED] - openBrowser: Browser is opened with url: ''

2561-03-29 04:27:33 - [MESSAGE][PASSED] - Browser is opened with url: ''

2561-03-29 04:27:33 - [TEST_STEP][PASSED] - navigateToUrl: Navigate to 'https://butterfried.github.io/SE323-proj01-registration/index_s.html' successfully

2561-03-29 04:27:34 - [MESSAGE][PASSED] - Navigate to 'https://butterfried.github.io/SE323-proj01-registration/index_s.html' successfully

2561-03-29 04:27:34 - [TEST_STEP][PASSED] - click: Object: 'Object Repository/STC-08 See Tuition_OR/Page_Student (1)/a_Tuition Fee' is clicked on

2561-03-29 04:27:34 - [MESSAGE][PASSED] - Object: 'Object Repository/STC-08 See Tuition_OR/Page_Student (1)/a_Tuition Fee' is clicked on

2561-03-29 04:27:34 - [TEST_STEP][PASSED] - verifyElementPresent: Object 'Object Repository/STC-08 See Tuition_OR/Page_Tution Fee (1)/legend_Tution Fee' is present

2561-03-29 04:27:34 - [MESSAGE][WARNING] - Timeout '0' is invalid. Using default page load timeout: '30'

2561-03-29 04:27:34 - [MESSAGE][PASSED] - Object 'Object Repository/STC-08 See Tuition_OR/Page_Tution Fee (1)/legend_Tution Fee' is present

2561-03-29 04:27:34 - [TEST_STEP][PASSED] - verifyElementPresent: Object 'Object Repository/STC-08 See Tuition_OR/Page_Tution Fee (1)/p_Name  Surasung Vunlai' is present

2561-03-29 04:27:34 - [MESSAGE][WARNING] - Timeout '0' is invalid. Using default page load timeout: '30'

2561-03-29 04:27:34 - [MESSAGE][PASSED] - Object 'Object Repository/STC-08 See Tuition_OR/Page_Tution Fee (1)/p_Name  Surasung Vunlai' is present

2561-03-29 04:27:34 - [TEST_STEP][PASSED] - verifyElementPresent: Object 'Object Repository/STC-08 See Tuition_OR/Page_Tution Fee (1)/th_Course' is present

2561-03-29 04:27:34 - [MESSAGE][WARNING] - Timeout '0' is invalid. Using default page load timeout: '30'

2561-03-29 04:27:34 - [MESSAGE][PASSED] - Object 'Object Repository/STC-08 See Tuition_OR/Page_Tution Fee (1)/th_Course' is present

2561-03-29 04:27:34 - [TEST_STEP][PASSED] - verifyElementPresent: Object 'Object Repository/STC-08 See Tuition_OR/Page_Tution Fee (1)/th_Credits' is present

2561-03-29 04:27:34 - [MESSAGE][WARNING] - Timeout '0' is invalid. Using default page load timeout: '30'

2561-03-29 04:27:34 - [MESSAGE][PASSED] - Object 'Object Repository/STC-08 See Tuition_OR/Page_Tution Fee (1)/th_Credits' is present

2561-03-29 04:27:34 - [TEST_STEP][PASSED] - verifyElementPresent: Object 'Object Repository/STC-08 See Tuition_OR/Page_Tution Fee (1)/th_Fee' is present

2561-03-29 04:27:34 - [MESSAGE][WARNING] - Timeout '0' is invalid. Using default page load timeout: '30'

2561-03-29 04:27:34 - [MESSAGE][PASSED] - Object 'Object Repository/STC-08 See Tuition_OR/Page_Tution Fee (1)/th_Fee' is present

2561-03-29 04:27:34 - [TEST_STEP][PASSED] - verifyElementPresent: Object 'Object Repository/STC-08 See Tuition_OR/Page_Tution Fee (1)/td_001223 - ENGL FOR HUMAN  MA' is present

2561-03-29 04:27:34 - [MESSAGE][WARNING] - Timeout '0' is invalid. Using default page load timeout: '30'

2561-03-29 04:27:34 - [MESSAGE][PASSED] - Object 'Object Repository/STC-08 See Tuition_OR/Page_Tution Fee (1)/td_001223 - ENGL FOR HUMAN  MA' is present

2561-03-29 04:27:34 - [TEST_STEP][PASSED] - verifyElementPresent: Object 'Object Repository/STC-08 See Tuition_OR/Page_Tution Fee (1)/td_3 credits' is present

2561-03-29 04:27:34 - [MESSAGE][WARNING] - Timeout '0' is invalid. Using default page load timeout: '30'

2561-03-29 04:27:34 - [MESSAGE][PASSED] - Object 'Object Repository/STC-08 See Tuition_OR/Page_Tution Fee (1)/td_3 credits' is present

2561-03-29 04:27:34 - [TEST_STEP][PASSED] - verifyElementPresent: Object 'Object Repository/STC-08 See Tuition_OR/Page_Tution Fee (1)/td_60' is present

2561-03-29 04:27:34 - [MESSAGE][WARNING] - Timeout '0' is invalid. Using default page load timeout: '30'

2561-03-29 04:27:35 - [MESSAGE][PASSED] - Object 'Object Repository/STC-08 See Tuition_OR/Page_Tution Fee (1)/td_60' is present

2561-03-29 04:27:35 - [TEST_STEP][PASSED] - verifyElementPresent: Object 'Object Repository/STC-08 See Tuition_OR/Page_Tution Fee (1)/td_951100 - MODERN LIFE AND AN' is present

2561-03-29 04:27:35 - [MESSAGE][WARNING] - Timeout '0' is invalid. Using default page load timeout: '30'

2561-03-29 04:27:35 - [MESSAGE][PASSED] - Object 'Object Repository/STC-08 See Tuition_OR/Page_Tution Fee (1)/td_951100 - MODERN LIFE AND AN' is present

2561-03-29 04:27:35 - [TEST_STEP][PASSED] - verifyElementPresent: Object 'Object Repository/STC-08 See Tuition_OR/Page_Tution Fee (1)/td_3 credits' is present

2561-03-29 04:27:35 - [MESSAGE][WARNING] - Timeout '0' is invalid. Using default page load timeout: '30'

2561-03-29 04:27:35 - [MESSAGE][PASSED] - Object 'Object Repository/STC-08 See Tuition_OR/Page_Tution Fee (1)/td_3 credits' is present

2561-03-29 04:27:35 - [TEST_STEP][PASSED] - verifyElementPresent: Object 'Object Repository/STC-08 See Tuition_OR/Page_Tution Fee (1)/td_60' is present

2561-03-29 04:27:35 - [MESSAGE][WARNING] - Timeout '0' is invalid. Using default page load timeout: '30'

2561-03-29 04:27:35 - [MESSAGE][PASSED] - Object 'Object Repository/STC-08 See Tuition_OR/Page_Tution Fee (1)/td_60' is present

2561-03-29 04:27:35 - [TEST_STEP][PASSED] - verifyElementPresent: Object 'Object Repository/STC-08 See Tuition_OR/Page_Tution Fee (1)/td_953323 - SOFWARE CONS TESTM' is present

2561-03-29 04:27:35 - [MESSAGE][WARNING] - Timeout '0' is invalid. Using default page load timeout: '30'

2561-03-29 04:27:35 - [MESSAGE][PASSED] - Object 'Object Repository/STC-08 See Tuition_OR/Page_Tution Fee (1)/td_953323 - SOFWARE CONS TESTM' is present

2561-03-29 04:27:35 - [TEST_STEP][PASSED] - verifyElementPresent: Object 'Object Repository/STC-08 See Tuition_OR/Page_Tution Fee (1)/td_3 credits' is present

2561-03-29 04:27:35 - [MESSAGE][WARNING] - Timeout '0' is invalid. Using default page load timeout: '30'

2561-03-29 04:27:35 - [MESSAGE][PASSED] - Object 'Object Repository/STC-08 See Tuition_OR/Page_Tution Fee (1)/td_3 credits' is present

2561-03-29 04:27:35 - [TEST_STEP][PASSED] - verifyElementPresent: Object 'Object Repository/STC-08 See Tuition_OR/Page_Tution Fee (1)/td_60' is present

2561-03-29 04:27:35 - [MESSAGE][WARNING] - Timeout '0' is invalid. Using default page load timeout: '30'

2561-03-29 04:27:35 - [MESSAGE][PASSED] - Object 'Object Repository/STC-08 See Tuition_OR/Page_Tution Fee (1)/td_60' is present

2561-03-29 04:27:35 - [TEST_STEP][PASSED] - verifyElementPresent: Object 'Object Repository/STC-08 See Tuition_OR/Page_Tution Fee (1)/td_953411 - AI FOR SE' is present

2561-03-29 04:27:35 - [MESSAGE][WARNING] - Timeout '0' is invalid. Using default page load timeout: '30'

2561-03-29 04:27:35 - [MESSAGE][PASSED] - Object 'Object Repository/STC-08 See Tuition_OR/Page_Tution Fee (1)/td_953411 - AI FOR SE' is present

2561-03-29 04:27:35 - [TEST_STEP][PASSED] - verifyElementPresent: Object 'Object Repository/STC-08 See Tuition_OR/Page_Tution Fee (1)/td_3 credits' is present

2561-03-29 04:27:35 - [MESSAGE][WARNING] - Timeout '0' is invalid. Using default page load timeout: '30'

2561-03-29 04:27:35 - [MESSAGE][PASSED] - Object 'Object Repository/STC-08 See Tuition_OR/Page_Tution Fee (1)/td_3 credits' is present

2561-03-29 04:27:35 - [TEST_STEP][PASSED] - verifyElementPresent: Object 'Object Repository/STC-08 See Tuition_OR/Page_Tution Fee (1)/td_60' is present

2561-03-29 04:27:35 - [MESSAGE][WARNING] - Timeout '0' is invalid. Using default page load timeout: '30'

2561-03-29 04:27:35 - [MESSAGE][PASSED] - Object 'Object Repository/STC-08 See Tuition_OR/Page_Tution Fee (1)/td_60' is present

2561-03-29 04:27:35 - [TEST_STEP][PASSED] - verifyElementPresent: Object 'Object Repository/STC-08 See Tuition_OR/Page_Tution Fee (1)/td_953422 - SOFTWARE QUALITY A' is present

2561-03-29 04:27:35 - [MESSAGE][WARNING] - Timeout '0' is invalid. Using default page load timeout: '30'

2561-03-29 04:27:35 - [MESSAGE][PASSED] - Object 'Object Repository/STC-08 See Tuition_OR/Page_Tution Fee (1)/td_953422 - SOFTWARE QUALITY A' is present

2561-03-29 04:27:35 - [TEST_STEP][PASSED] - verifyElementPresent: Object 'Object Repository/STC-08 See Tuition_OR/Page_Tution Fee (1)/td_3 credits' is present

2561-03-29 04:27:35 - [MESSAGE][WARNING] - Timeout '0' is invalid. Using default page load timeout: '30'

2561-03-29 04:27:35 - [MESSAGE][PASSED] - Object 'Object Repository/STC-08 See Tuition_OR/Page_Tution Fee (1)/td_3 credits' is present

2561-03-29 04:27:35 - [TEST_STEP][PASSED] - verifyElementPresent: Object 'Object Repository/STC-08 See Tuition_OR/Page_Tution Fee (1)/td_60' is present

2561-03-29 04:27:35 - [MESSAGE][WARNING] - Timeout '0' is invalid. Using default page load timeout: '30'

2561-03-29 04:27:35 - [MESSAGE][PASSED] - Object 'Object Repository/STC-08 See Tuition_OR/Page_Tution Fee (1)/td_60' is present

2561-03-29 04:27:35 - [TEST_STEP][PASSED] - verifyElementPresent: Object 'Object Repository/STC-08 See Tuition_OR/Page_Tution Fee (1)/th_Total Credits' is present

2561-03-29 04:27:35 - [MESSAGE][WARNING] - Timeout '0' is invalid. Using default page load timeout: '30'

2561-03-29 04:27:35 - [MESSAGE][PASSED] - Object 'Object Repository/STC-08 See Tuition_OR/Page_Tution Fee (1)/th_Total Credits' is present

2561-03-29 04:27:35 - [TEST_STEP][PASSED] - verifyElementPresent: Object 'Object Repository/STC-08 See Tuition_OR/Page_Tution Fee (1)/td_15' is present

2561-03-29 04:27:35 - [MESSAGE][WARNING] - Timeout '0' is invalid. Using default page load timeout: '30'

2561-03-29 04:27:35 - [MESSAGE][PASSED] - Object 'Object Repository/STC-08 See Tuition_OR/Page_Tution Fee (1)/td_15' is present

2561-03-29 04:27:35 - [TEST_STEP][PASSED] - verifyElementPresent: Object 'Object Repository/STC-08 See Tuition_OR/Page_Tution Fee (1)/th_Total Fee' is present

2561-03-29 04:27:35 - [MESSAGE][WARNING] - Timeout '0' is invalid. Using default page load timeout: '30'

2561-03-29 04:27:35 - [MESSAGE][PASSED] - Object 'Object Repository/STC-08 See Tuition_OR/Page_Tution Fee (1)/th_Total Fee' is present

2561-03-29 04:27:35 - [TEST_STEP][PASSED] - verifyElementPresent: Object 'Object Repository/STC-08 See Tuition_OR/Page_Tution Fee (1)/td_300 Baht' is present

2561-03-29 04:27:35 - [MESSAGE][WARNING] - Timeout '0' is invalid. Using default page load timeout: '30'

2561-03-29 04:27:35 - [MESSAGE][PASSED] - Object 'Object Repository/STC-08 See Tuition_OR/Page_Tution Fee (1)/td_300 Baht' is present

2561-03-29 04:27:35 - [TEST_STEP][PASSED] - closeBrowser: Browser is closed

2561-03-29 04:27:36 - [MESSAGE][PASSED] - Browser is closed]]></system-out>
         <system-err><![CDATA[]]></system-err>
      </testcase>
      <system-out><![CDATA[2561-03-29 04:27:29 - [TEST_SUITE][PASSED] - STC-08 See Tuition fee: Test Cases/See_Tuition_Fee]]></system-out>
      <system-err><![CDATA[]]></system-err>
   </testsuite>
</testsuites>
