<?xml version="1.0" encoding="UTF-8"?>
<testsuites name="STC-10 See summary of the grade" time="4" tests="1" failures="0" errors="0">
   <testsuite name="STC-10 See summary of the grade" tests="1" failures="0" errors="0" time="4" timestamp="2561-03-29 00:01:56" hostname="Max - DESKTOP-Q39DD9V" id="Test Suites/STC-10 See summary of the grade">
      <properties>
         <property name="deviceName" value=""/>
         <property name="devicePlatform" value=""/>
         <property name="logFolder" value="C:\\Users\\Max\\git\\katalonRegTest\\Reports\\STC-10 See summary of the grade\\25610329_000155"/>
         <property name="logFiles" value="C:\\Users\\Max\\git\\katalonRegTest\\Reports\\STC-10 See summary of the grade\\25610329_000155\\execution0.log"/>
         <property name="attachments" value=""/>
         <property name="hostName" value="Max - DESKTOP-Q39DD9V"/>
         <property name="os" value="Windows 10 64bit"/>
         <property name="katalonVersion" value="5.3.0.1"/>
         <property name="browser" value="Chrome 65.0.3325.181"/>
         <property name="hostAddress" value="192.168.0.100"/>
         <property name="sessionId" value="9ecaae4a6278de5a356e08511d364518"/>
         <property name="seleniumVersion" value="3.7.1"/>
         <property name="proxyInformation" value="ProxyInformation{proxyOption=NO_PROXY, proxyServerType=HTTP, password=, proxyServerAddress=, proxyServerPort=0}"/>
         <property name="platform" value="Windows 10"/>
      </properties>
      <testcase name="Test Cases/See_summary_of_the_grade" classname="Test Cases/See_summary_of_the_grade" status="PASSED">
         <system-out><![CDATA[2561-03-29 00:01:56 - [TEST_CASE][PASSED] - Test Cases/See_summary_of_the_grade: Test Cases/See_summary_of_the_grade

2561-03-29 00:01:57 - [TEST_STEP][PASSED] - openBrowser: Browser is opened with url: ''

2561-03-29 00:01:59 - [MESSAGE][PASSED] - Browser is opened with url: ''

2561-03-29 00:01:59 - [TEST_STEP][PASSED] - navigateToUrl: Navigate to 'https://butterfried.github.io/SE323-proj01-registration/grading.html' successfully

2561-03-29 00:02:00 - [MESSAGE][PASSED] - Navigate to 'https://butterfried.github.io/SE323-proj01-registration/grading.html' successfully

2561-03-29 00:02:00 - [TEST_STEP][PASSED] - click: Object: 'Object Repository/See summary of the grade/Page_Grading/td_GPA' is clicked on

2561-03-29 00:02:00 - [MESSAGE][PASSED] - Object: 'Object Repository/See summary of the grade/Page_Grading/td_GPA' is clicked on

2561-03-29 00:02:00 - [TEST_STEP][PASSED] - verifyElementPresent: Object 'Object Repository/See summary of the grade/Page_Grading/td_GPA' is present

2561-03-29 00:02:00 - [MESSAGE][WARNING] - Timeout '0' is invalid. Using default page load timeout: '30'

2561-03-29 00:02:00 - [MESSAGE][PASSED] - Object 'Object Repository/See summary of the grade/Page_Grading/td_GPA' is present

2561-03-29 00:02:00 - [TEST_STEP][PASSED] - click: Object: 'Object Repository/See summary of the grade/Page_Grading/td_3.5' is clicked on

2561-03-29 00:02:00 - [MESSAGE][PASSED] - Object: 'Object Repository/See summary of the grade/Page_Grading/td_3.5' is clicked on

2561-03-29 00:02:00 - [TEST_STEP][PASSED] - verifyElementPresent: Object 'Object Repository/See summary of the grade/Page_Grading/td_3.5' is present

2561-03-29 00:02:00 - [MESSAGE][WARNING] - Timeout '0' is invalid. Using default page load timeout: '30'

2561-03-29 00:02:00 - [MESSAGE][PASSED] - Object 'Object Repository/See summary of the grade/Page_Grading/td_3.5' is present

2561-03-29 00:02:00 - [TEST_STEP][PASSED] - closeBrowser: Browser is closed

2561-03-29 00:02:01 - [MESSAGE][PASSED] - Browser is closed]]></system-out>
         <system-err><![CDATA[]]></system-err>
      </testcase>
      <system-out><![CDATA[2561-03-29 00:01:56 - [TEST_SUITE][PASSED] - STC-10 See summary of the grade: Test Cases/See_summary_of_the_grade]]></system-out>
      <system-err><![CDATA[]]></system-err>
   </testsuite>
</testsuites>
